<?xml version="1.0" encoding="UTF-8"?>
<!-- Generated by org.testng.reporters.JUnitReportReporter -->
<testsuite hostname="MININT-1P8L5VT" name="com.ncubo.extensibilidad.server.ConectorActiveMQTest" tests="1" failures="0" timestamp="25 Jan 2016 19:46:30 GMT" time="1.317" errors="0">
  <testcase name="prueba1" time="1.317" classname="com.ncubo.extensibilidad.server.ConectorActiveMQTest"/>
</testsuite> <!-- com.ncubo.extensibilidad.server.ConectorActiveMQTest -->
